sample.interval=20000
"readLines" "summaryRprof" 
"FUN" "lapply" "summaryRprof" 
"match" "%in%" "require" 
"gzfile" "readRDS" "FUN" "lapply" "find.package" "system.file" "library" "doTryCatch" "tryCatchOne" "tryCatchList" "tryCatch" "require" 
"exists" "checkNoGenerics" "library" "doTryCatch" "tryCatchOne" "tryCatchList" "tryCatch" "require" 
"strsplit" "lapply" "doProfileLines" "rawProfCallGraph" "readProfileData" "doTryCatch" "tryCatchOne" "tryCatchList" "tryCatch" "ls" "lsEnv" "extractProfileNodes" "np2x" "plotProfileCallGraph" 
"get" "incProfCallGraphEdgeEntry" "fun" "doProfileLines" "rawProfCallGraph" "readProfileData" "doTryCatch" "tryCatchOne" "tryCatchList" "tryCatch" "ls" "lsEnv" "extractProfileNodes" "np2x" "plotProfileCallGraph" 
"unique" "fun" "doProfileLines" "rawProfCallGraph" "readProfileData" "doTryCatch" "tryCatchOne" "tryCatchList" "tryCatch" "ls" "lsEnv" "extractProfileNodes" "np2x" "plotProfileCallGraph" 
"lineEdges" "fun" "doProfileLines" "rawProfCallGraph" "readProfileData" "doTryCatch" "tryCatchOne" "tryCatchList" "tryCatch" "ls" "lsEnv" "extractProfileNodes" "np2x" "plotProfileCallGraph" 
"lineEdges" "fun" "doProfileLines" "rawProfCallGraph" "readProfileData" "doTryCatch" "tryCatchOne" "tryCatchList" "tryCatch" "ls" "lsEnv" "extractProfileNodes" "np2x" "plotProfileCallGraph" 
"match" "isIn" "lineEdges" "fun" "doProfileLines" "rawProfCallGraph" "readProfileData" "doTryCatch" "tryCatchOne" "tryCatchList" "tryCatch" "ls" "lsEnv" "extractProfileNodes" "np2x" "plotProfileCallGraph" 
"unique.default" "unique" "lineEdges" "fun" "doProfileLines" "rawProfCallGraph" "readProfileData" "doTryCatch" "tryCatchOne" "tryCatchList" "tryCatch" "ls" "lsEnv" "extractProfileNodes" "np2x" "plotProfileCallGraph" 
"assign" "incProfCallGraphEdgeEntry" "fun" "doProfileLines" "rawProfCallGraph" "readProfileData" "doTryCatch" "tryCatchOne" "tryCatchList" "tryCatch" "ls" "lsEnv" "extractProfileNodes" "np2x" "plotProfileCallGraph" 
"unique" "lineEdges" "fun" "doProfileLines" "rawProfCallGraph" "readProfileData" "doTryCatch" "tryCatchOne" "tryCatchList" "tryCatch" "ls" "lsEnv" "extractProfileNodes" "np2x" "plotProfileCallGraph" 
"match" "isIn" "lineEdges" "fun" "doProfileLines" "rawProfCallGraph" "readProfileData" "doTryCatch" "tryCatchOne" "tryCatchList" "tryCatch" "ls" "lsEnv" "extractProfileNodes" "np2x" "plotProfileCallGraph" 
"assign" "incProfCallGraphNodeEntry" "fun" "doProfileLines" "rawProfCallGraph" "readProfileData" "doTryCatch" "tryCatchOne" "tryCatchList" "tryCatch" "ls" "lsEnv" "extractProfileNodes" "np2x" "plotProfileCallGraph" 
"get" "incProfCallGraphNodeEntry" "fun" "doProfileLines" "rawProfCallGraph" "readProfileData" "doTryCatch" "tryCatchOne" "tryCatchList" "tryCatch" "ls" "lsEnv" "extractProfileNodes" "np2x" "plotProfileCallGraph" 
"exists" "incProfCallGraphNodeEntry" "fun" "doProfileLines" "rawProfCallGraph" "readProfileData" "doTryCatch" "tryCatchOne" "tryCatchList" "tryCatch" "ls" "lsEnv" "extractProfileNodes" "np2x" "plotProfileCallGraph" 
"assign" "incProfCallGraphNodeEntry" "fun" "doProfileLines" "rawProfCallGraph" "readProfileData" "doTryCatch" "tryCatchOne" "tryCatchList" "tryCatch" "ls" "lsEnv" "extractProfileNodes" "np2x" "plotProfileCallGraph" 
"lineEdges" "fun" "doProfileLines" "rawProfCallGraph" "readProfileData" "doTryCatch" "tryCatchOne" "tryCatchList" "tryCatch" "ls" "lsEnv" "extractProfileNodes" "np2x" "plotProfileCallGraph" 
"unique" "fun" "doProfileLines" "rawProfCallGraph" "readProfileData" "doTryCatch" "tryCatchOne" "tryCatchList" "tryCatch" "ls" "lsEnv" "extractProfileNodes" "np2x" "plotProfileCallGraph" 
"get" "incProfCallGraphNodeEntry" "fun" "doProfileLines" "rawProfCallGraph" "readProfileData" "doTryCatch" "tryCatchOne" "tryCatchList" "tryCatch" "ls" "lsEnv" "extractProfileNodes" "np2x" "plotProfileCallGraph" 
"fun" "doProfileLines" "rawProfCallGraph" "readProfileData" "doTryCatch" "tryCatchOne" "tryCatchList" "tryCatch" "ls" "lsEnv" "extractProfileNodes" "np2x" "plotProfileCallGraph" 
"readLines" "doProfileLines" "addCycleInfo" "readProfileData" "doTryCatch" "tryCatchOne" "tryCatchList" "tryCatch" "ls" "lsEnv" "extractProfileNodes" "np2x" "plotProfileCallGraph" 
"isIn" "fun" "doProfileLines" "addCycleInfo" "readProfileData" "doTryCatch" "tryCatchOne" "tryCatchList" "tryCatch" "ls" "lsEnv" "extractProfileNodes" "np2x" "plotProfileCallGraph" 
"isIn" "fun" "doProfileLines" "addCycleInfo" "readProfileData" "doTryCatch" "tryCatchOne" "tryCatchList" "tryCatch" "ls" "lsEnv" "extractProfileNodes" "np2x" "plotProfileCallGraph" 
"isIn" "fun" "doProfileLines" "addCycleInfo" "readProfileData" "doTryCatch" "tryCatchOne" "tryCatchList" "tryCatch" "ls" "lsEnv" "extractProfileNodes" "np2x" "plotProfileCallGraph" 
"isIn" "fun" "doProfileLines" "addCycleInfo" "readProfileData" "doTryCatch" "tryCatchOne" "tryCatchList" "tryCatch" "ls" "lsEnv" "extractProfileNodes" "np2x" "plotProfileCallGraph" 
"match" "isIn" "fun" "doProfileLines" "addCycleInfo" "readProfileData" "doTryCatch" "tryCatchOne" "tryCatchList" "tryCatch" "ls" "lsEnv" "extractProfileNodes" "np2x" "plotProfileCallGraph" 
"unique" "fun" "doProfileLines" "addCycleInfo" "readProfileData" "doTryCatch" "tryCatchOne" "tryCatchList" "tryCatch" "ls" "lsEnv" "extractProfileNodes" "np2x" "plotProfileCallGraph" 
"exists" "renameCycles" "compressLineRuns" "fun" "doProfileLines" "addCycleInfo" "readProfileData" "doTryCatch" "tryCatchOne" "tryCatchList" "tryCatch" "ls" "lsEnv" "extractProfileNodes" "np2x" "plotProfileCallGraph" 
"exists" "renameCycles" "compressLineRuns" "fun" "doProfileLines" "addCycleInfo" "readProfileData" "doTryCatch" "tryCatchOne" "tryCatchList" "tryCatch" "ls" "lsEnv" "extractProfileNodes" "np2x" "plotProfileCallGraph" 
"match" "isIn" "fun" "doProfileLines" "addCycleInfo" "readProfileData" "doTryCatch" "tryCatchOne" "tryCatchList" "tryCatch" "ls" "lsEnv" "extractProfileNodes" "np2x" "plotProfileCallGraph" 
"isIn" "fun" "doProfileLines" "addCycleInfo" "readProfileData" "doTryCatch" "tryCatchOne" "tryCatchList" "tryCatch" "ls" "lsEnv" "extractProfileNodes" "np2x" "plotProfileCallGraph" 
"charMatch" "lineEdges" "fun" "doProfileLines" "addCycleInfo" "readProfileData" "doTryCatch" "tryCatchOne" "tryCatchList" "tryCatch" "ls" "lsEnv" "extractProfileNodes" "np2x" "plotProfileCallGraph" 
"isIn" "fun" "doProfileLines" "addCycleInfo" "readProfileData" "doTryCatch" "tryCatchOne" "tryCatchList" "tryCatch" "ls" "lsEnv" "extractProfileNodes" "np2x" "plotProfileCallGraph" 
"fun" "doProfileLines" "addCycleInfo" "readProfileData" "doTryCatch" "tryCatchOne" "tryCatchList" "tryCatch" "ls" "lsEnv" "extractProfileNodes" "np2x" "plotProfileCallGraph" 
"options" "match" "%in%" "getOption" "fun" "doTryCatch" "tryCatchOne" "tryCatchList" "tryCatch" "runHook" "loadNamespace" "namespaceImport" "loadNamespace" "asNamespace" "namespaceImportFrom" "loadNamespace" "doTryCatch" "tryCatchOne" "tryCatchList" "tryCatch" "getNamespace" "asNamespace" "getExportedValue" "::" "g2g" "plotProfileCallGraph" 
".resetInheritedMethods" ".updateMethodsInTable" "<Anonymous>" "loadNamespace" "asNamespace" "namespaceImportFrom" "loadNamespace" "doTryCatch" "tryCatchOne" "tryCatchList" "tryCatch" "getNamespace" "asNamespace" "getExportedValue" "::" "g2g" "plotProfileCallGraph" 
"match" "possibleExtends" "is" ".findMethodInTable" ".quickCoerceSelect" "as" "body<-" "standardGeneric" "body<-" "makeGeneric" "implicitGeneric" ".genericOrImplicit" "<Anonymous>" "loadNamespace" "asNamespace" "namespaceImportFrom" "loadNamespace" "doTryCatch" "tryCatchOne" "tryCatchList" "tryCatch" "getNamespace" "asNamespace" "getExportedValue" "::" "g2g" "plotProfileCallGraph" 
"is" "cacheGenericsMetaData" "<Anonymous>" "loadNamespace" "asNamespace" "namespaceImportFrom" "loadNamespace" "doTryCatch" "tryCatchOne" "tryCatchList" "tryCatch" "getNamespace" "asNamespace" "getExportedValue" "::" "g2g" "plotProfileCallGraph" 
"FUN" "lapply" "unlist" "<Anonymous>" "unique" "loadNamespace" "asNamespace" "namespaceImportFrom" "loadNamespace" "doTryCatch" "tryCatchOne" "tryCatchList" "tryCatch" "getNamespace" "asNamespace" "getExportedValue" "::" "g2g" "plotProfileCallGraph" 
"gzfile" "readRDS" "lazyLoadDBexec" "lazyLoad" "eval" "eval" "eval" "eval" "eval.parent" "local" "eval" "eval" "sys.source" "doTryCatch" "tryCatchOne" "tryCatchList" "tryCatch" "try" "loadNamespace" "asNamespace" "namespaceImportFrom" "loadNamespace" "doTryCatch" "tryCatchOne" "tryCatchList" "tryCatch" "getNamespace" "asNamespace" "getExportedValue" "::" "g2g" "plotProfileCallGraph" 
"remove" ".resetInheritedMethods" ".updateMethodsInTable" "<Anonymous>" "loadNamespace" "asNamespace" "namespaceImportFrom" "loadNamespace" "doTryCatch" "tryCatchOne" "tryCatchList" "tryCatch" "getNamespace" "asNamespace" "getExportedValue" "::" "g2g" "plotProfileCallGraph" 
"%in%" "Sys.setenv" "library.dynam" "loadNamespace" "doTryCatch" "tryCatchOne" "tryCatchList" "tryCatch" "getNamespace" "asNamespace" "getExportedValue" "::" "g2g" "plotProfileCallGraph" 
"set" "<Anonymous>" "lazyLoadDBfetch" "<Anonymous>" "lazyLoadDBfetch" "<Anonymous>" "lazyLoadDBfetch" ".updateMethodsInTable" "<Anonymous>" "loadNamespace" "doTryCatch" "tryCatchOne" "tryCatchList" "tryCatch" "getNamespace" "asNamespace" "getExportedValue" "::" "g2g" "plotProfileCallGraph" 
"as.list" "vapply" "remove" ".resetInheritedMethods" ".updateMethodsInTable" "<Anonymous>" "loadNamespace" "doTryCatch" "tryCatchOne" "tryCatchList" "tryCatch" "getNamespace" "asNamespace" "getExportedValue" "::" "g2g" "plotProfileCallGraph" 
"methodsPackageMetaName" ".TableMetaName" ".updateMethodsInTable" "<Anonymous>" "loadNamespace" "doTryCatch" "tryCatchOne" "tryCatchList" "tryCatch" "getNamespace" "asNamespace" "getExportedValue" "::" "g2g" "plotProfileCallGraph" 
"FUN" "lapply" "unlist" "<Anonymous>" "unique" "loadNamespace" "doTryCatch" "tryCatchOne" "tryCatchList" "tryCatch" "getNamespace" "asNamespace" "getExportedValue" "::" "g2g" "plotProfileCallGraph" 
"getClassDef" "<Anonymous>" "namespaceImportMethods" "loadNamespace" "doTryCatch" "tryCatchOne" "tryCatchList" "tryCatch" "getNamespace" "asNamespace" "getExportedValue" "::" "plotProfileCallGraph" 
".getClassFromCache" "getClassDef" "is" "checkTrace" "makeGeneric" "implicitGeneric" ".genericOrImplicit" "<Anonymous>" "loadNamespace" "doTryCatch" "tryCatchOne" "tryCatchList" "tryCatch" "getNamespace" "asNamespace" "getExportedValue" "::" "plotProfileCallGraph" 
"set" "<Anonymous>" "lazyLoadDBfetch" "<Anonymous>" "lazyLoadDBfetch" ".getGeneric" "getGeneric" "<Anonymous>" "loadNamespace" "doTryCatch" "tryCatchOne" "tryCatchList" "tryCatch" "getNamespace" "asNamespace" "getExportedValue" "::" "plotProfileCallGraph" 
"lazyLoadDBfetch" "<Anonymous>" "lazyLoadDBfetch" "<Anonymous>" "lazyLoadDBfetch" ".getGeneric" "getGeneric" "<Anonymous>" "loadNamespace" "doTryCatch" "tryCatchOne" "tryCatchList" "tryCatch" "getNamespace" "asNamespace" "getExportedValue" "::" "plotProfileCallGraph" 
"parent.frame" "eval" "match.arg" "sort.int" "sort.default" "sort" "as.factor" "split.default" "split" "Ops.numeric_version" "<" "graphvizCapabilities" "match" "%in%" ".checkLayoutType" "agopen" "layoutFun" "<Anonymous>" "plotProfileCallGraph" 
".Call" "buildNodeList" "agopen" "layoutFun" "<Anonymous>" "plotProfileCallGraph" 
"getNodeCenter" "standardGeneric" "getNodeCenter" "FUN" "lapply" "sapply" "nodeRagraph2graph" "layoutFun" "<Anonymous>" "plotProfileCallGraph" 
"setRenderInfo" "withCallingHandlers" "suppressWarnings" "edgeRenderInfo<-" "layoutFun" "<Anonymous>" "plotProfileCallGraph" 
".External2" "plot.new" ".local" "<Anonymous>" "standardGeneric" "<Anonymous>" "plotProfileCallGraph" 
"polygon" "FUN" "lapply" "sapply" "renderNodes" ".local" "<Anonymous>" "standardGeneric" "<Anonymous>" "plotProfileCallGraph" 
"apply" "duplicated.array" ".local" "edgeNames" "standardGeneric" "edgeNames" "getRenderPar" "drawEdges" ".local" "<Anonymous>" "standardGeneric" "<Anonymous>" "plotProfileCallGraph" 
"plot.xy" "lines.default" "lines" "standardGeneric" "lines" ".local" "FUN" "standardGeneric" "FUN" "lapply" "renderSpline" "withCallingHandlers" "suppressWarnings" "drawEdges" ".local" "<Anonymous>" "standardGeneric" "<Anonymous>" "plotProfileCallGraph" 
"arrows" "drawHead" "renderSpline" "withCallingHandlers" "suppressWarnings" "drawEdges" ".local" "<Anonymous>" "standardGeneric" "<Anonymous>" "plotProfileCallGraph" 
"plot.xy" "lines.default" "lines" "standardGeneric" "lines" ".local" "FUN" "standardGeneric" "FUN" "lapply" "renderSpline" "withCallingHandlers" "suppressWarnings" "drawEdges" ".local" "<Anonymous>" "standardGeneric" "<Anonymous>" "plotProfileCallGraph" 
"drawHead" "renderSpline" "withCallingHandlers" "suppressWarnings" "drawEdges" ".local" "<Anonymous>" "standardGeneric" "<Anonymous>" "plotProfileCallGraph" 
"diff.default" "diff" "drawHead" "renderSpline" "withCallingHandlers" "suppressWarnings" "drawEdges" ".local" "<Anonymous>" "standardGeneric" "<Anonymous>" "plotProfileCallGraph" 
"diff" "drawHead" "renderSpline" "withCallingHandlers" "suppressWarnings" "drawEdges" ".local" "<Anonymous>" "standardGeneric" "<Anonymous>" "plotProfileCallGraph" 
"paste0" "str.default" "str" "<Anonymous>" "do.call" "strSub" "str.default" "str" "<Anonymous>" "do.call" "strSub" "str.default" "str" "<Anonymous>" "do.call" "strSub" "str.default" "str" "<Anonymous>" "do.call" "strSub" "str.default" "str" "doTryCatch" "tryCatchOne" "tryCatchList" "tryCatch" "try" "eval" "eval" "withVisible" "evalVis" "capture.output" ".rs.valueFromStr" "doTryCatch" "tryCatchOne" "tryCatchList" "tryCatch" ".rs.valueContents" "<Anonymous>" 
"min" "str.default" "str" "<Anonymous>" "do.call" "strSub" "str.default" "str" "doTryCatch" "tryCatchOne" "tryCatchList" "tryCatch" "try" "eval" "eval" "withVisible" "evalVis" "capture.output" ".rs.valueFromStr" "doTryCatch" "tryCatchOne" "tryCatchList" "tryCatch" ".rs.valueContents" "<Anonymous>" 
"save" "<Anonymous>" 
".External" "<Anonymous>" 
".External" "<Anonymous>" 
".External" "<Anonymous>" 
"getNamespace" "asNamespace" "getExportedValue" "::" 
"getNamespace" "asNamespace" "getExportedValue" "::" 
".External" "pdf" "doTryCatch" "tryCatchOne" "tryCatchList" "tryCatch" "<Anonymous>" 
".External" "pdf" "doTryCatch" "tryCatchOne" "tryCatchList" "tryCatch" "<Anonymous>" 
".External" "pdf" "doTryCatch" "tryCatchOne" "tryCatchList" "tryCatch" "<Anonymous>" 
".External" "<Anonymous>" 
"readLines" "doProfileLines" "rawProfCallGraph" "readProfileData" "doTryCatch" "tryCatchOne" "tryCatchList" "tryCatch" "ls" "lsEnv" "extractProfileNodes" "np2x" "plotProfileCallGraph" 
"assign" "incProfCallGraphEdgeEntry" "fun" "doProfileLines" "rawProfCallGraph" "readProfileData" "doTryCatch" "tryCatchOne" "tryCatchList" "tryCatch" "ls" "lsEnv" "extractProfileNodes" "np2x" "plotProfileCallGraph" 
"incProfCallGraphEdgeEntry" "fun" "doProfileLines" "rawProfCallGraph" "readProfileData" "doTryCatch" "tryCatchOne" "tryCatchList" "tryCatch" "ls" "lsEnv" "extractProfileNodes" "np2x" "plotProfileCallGraph" 
"match" "isIn" "lineEdges" "fun" "doProfileLines" "rawProfCallGraph" "readProfileData" "doTryCatch" "tryCatchOne" "tryCatchList" "tryCatch" "ls" "lsEnv" "extractProfileNodes" "np2x" "plotProfileCallGraph" 
"exists" "incProfCallGraphEdgeEntry" "fun" "doProfileLines" "rawProfCallGraph" "readProfileData" "doTryCatch" "tryCatchOne" "tryCatchList" "tryCatch" "ls" "lsEnv" "extractProfileNodes" "np2x" "plotProfileCallGraph" 
"exists" "incProfCallGraphNodeEntry" "fun" "doProfileLines" "rawProfCallGraph" "readProfileData" "doTryCatch" "tryCatchOne" "tryCatchList" "tryCatch" "ls" "lsEnv" "extractProfileNodes" "np2x" "plotProfileCallGraph" 
"get" "getProfCallGraphNodeEntry" "incProfCallGraphEdgeEntry" "fun" "doProfileLines" "rawProfCallGraph" "readProfileData" "doTryCatch" "tryCatchOne" "tryCatchList" "tryCatch" "ls" "lsEnv" "extractProfileNodes" "np2x" "plotProfileCallGraph" 
"get" "getProfCallGraphNodeEntry" "incProfCallGraphEdgeEntry" "fun" "doProfileLines" "rawProfCallGraph" "readProfileData" "doTryCatch" "tryCatchOne" "tryCatchList" "tryCatch" "ls" "lsEnv" "extractProfileNodes" "np2x" "plotProfileCallGraph" 
"assign" "incProfCallGraphNodeEntry" "fun" "doProfileLines" "rawProfCallGraph" "readProfileData" "doTryCatch" "tryCatchOne" "tryCatchList" "tryCatch" "ls" "lsEnv" "extractProfileNodes" "np2x" "plotProfileCallGraph" 
"assign" "incProfCallGraphEdgeEntry" "fun" "doProfileLines" "rawProfCallGraph" "readProfileData" "doTryCatch" "tryCatchOne" "tryCatchList" "tryCatch" "ls" "lsEnv" "extractProfileNodes" "np2x" "plotProfileCallGraph" 
"unique" "fun" "doProfileLines" "rawProfCallGraph" "readProfileData" "doTryCatch" "tryCatchOne" "tryCatchList" "tryCatch" "ls" "lsEnv" "extractProfileNodes" "np2x" "plotProfileCallGraph" 
"get" "incProfCallGraphNodeEntry" "fun" "doProfileLines" "rawProfCallGraph" "readProfileData" "doTryCatch" "tryCatchOne" "tryCatchList" "tryCatch" "ls" "lsEnv" "extractProfileNodes" "np2x" "plotProfileCallGraph" 
"incProfCallGraphNodeEntry" "fun" "doProfileLines" "rawProfCallGraph" "readProfileData" "doTryCatch" "tryCatchOne" "tryCatchList" "tryCatch" "ls" "lsEnv" "extractProfileNodes" "np2x" "plotProfileCallGraph" 
"match" "isIn" "lineEdges" "fun" "doProfileLines" "rawProfCallGraph" "readProfileData" "doTryCatch" "tryCatchOne" "tryCatchList" "tryCatch" "ls" "lsEnv" "extractProfileNodes" "np2x" "plotProfileCallGraph" 
"incProfCallGraphNodeEntry" "fun" "doProfileLines" "rawProfCallGraph" "readProfileData" "doTryCatch" "tryCatchOne" "tryCatchList" "tryCatch" "ls" "lsEnv" "extractProfileNodes" "np2x" "plotProfileCallGraph" 
"is.factor" "unique.default" "unique" "lineEdges" "fun" "doProfileLines" "rawProfCallGraph" "readProfileData" "doTryCatch" "tryCatchOne" "tryCatchList" "tryCatch" "ls" "lsEnv" "extractProfileNodes" "np2x" "plotProfileCallGraph" 
"readLines" "doProfileLines" "addCycleInfo" "readProfileData" "doTryCatch" "tryCatchOne" "tryCatchList" "tryCatch" "ls" "lsEnv" "extractProfileNodes" "np2x" "plotProfileCallGraph" 
"lapply" "doProfileLines" "addCycleInfo" "readProfileData" "doTryCatch" "tryCatchOne" "tryCatchList" "tryCatch" "ls" "lsEnv" "extractProfileNodes" "np2x" "plotProfileCallGraph" 
"fun" "doProfileLines" "addCycleInfo" "readProfileData" "doTryCatch" "tryCatchOne" "tryCatchList" "tryCatch" "ls" "lsEnv" "extractProfileNodes" "np2x" "plotProfileCallGraph" 
"seq" "fun" "doProfileLines" "addCycleInfo" "readProfileData" "doTryCatch" "tryCatchOne" "tryCatchList" "tryCatch" "ls" "lsEnv" "extractProfileNodes" "np2x" "plotProfileCallGraph" 
"lineEdges" "fun" "doProfileLines" "addCycleInfo" "readProfileData" "doTryCatch" "tryCatchOne" "tryCatchList" "tryCatch" "ls" "lsEnv" "extractProfileNodes" "np2x" "plotProfileCallGraph" 
"renameCycles" "compressLineRuns" "fun" "doProfileLines" "addCycleInfo" "readProfileData" "doTryCatch" "tryCatchOne" "tryCatchList" "tryCatch" "ls" "lsEnv" "extractProfileNodes" "np2x" "plotProfileCallGraph" 
"match" "isIn" "fun" "doProfileLines" "addCycleInfo" "readProfileData" "doTryCatch" "tryCatchOne" "tryCatchList" "tryCatch" "ls" "lsEnv" "extractProfileNodes" "np2x" "plotProfileCallGraph" 
"c" "lineEdges" "fun" "doProfileLines" "addCycleInfo" "readProfileData" "doTryCatch" "tryCatchOne" "tryCatchList" "tryCatch" "ls" "lsEnv" "extractProfileNodes" "np2x" "plotProfileCallGraph" 
"fun" "doProfileLines" "addCycleInfo" "readProfileData" "doTryCatch" "tryCatchOne" "tryCatchList" "tryCatch" "ls" "lsEnv" "extractProfileNodes" "np2x" "plotProfileCallGraph" 
"match" "charMatch" "lineEdges" "fun" "doProfileLines" "addCycleInfo" "readProfileData" "doTryCatch" "tryCatchOne" "tryCatchList" "tryCatch" "ls" "lsEnv" "extractProfileNodes" "np2x" "plotProfileCallGraph" 
"isIn" "lineEdges" "fun" "doProfileLines" "addCycleInfo" "readProfileData" "doTryCatch" "tryCatchOne" "tryCatchList" "tryCatch" "ls" "lsEnv" "extractProfileNodes" "np2x" "plotProfileCallGraph" 
"lineEdges" "fun" "doProfileLines" "addCycleInfo" "readProfileData" "doTryCatch" "tryCatchOne" "tryCatchList" "tryCatch" "ls" "lsEnv" "extractProfileNodes" "np2x" "plotProfileCallGraph" 
"compressLineRuns" "fun" "doProfileLines" "addCycleInfo" "readProfileData" "doTryCatch" "tryCatchOne" "tryCatchList" "tryCatch" "ls" "lsEnv" "extractProfileNodes" "np2x" "plotProfileCallGraph" 
"paste" "outerLabels" ".findInheritedMethods" "<Anonymous>" "standardGeneric" "edgeData<-" "graphNEL_init_edgeL_weights" ".local" "initialize" "standardGeneric" "initialize" "new" "<Anonymous>" "g2g" "plotProfileCallGraph" 
